e:\winapi\winapi\windll\debug\vc140.pdb
e:\winapi\winapi\windll\debug\vc140.idb
e:\winapi\winapi\windll\debug\cwindow.obj
e:\winapi\winapi\windll\debug\error.obj
e:\winapi\winapi\windll\debug\main.obj
e:\winapi\winapi\windll.gmx\datafiles\windll.ilk
e:\winapi\winapi\windll.gmx\datafiles\windll.dll
e:\winapi\winapi\windll.gmx\datafiles\windll.pdb
e:\winapi\winapi\windll.gmx\datafiles\windll.lib
e:\winapi\winapi\windll.gmx\datafiles\windll.exp
e:\winapi\winapi\windll\..\windll.gmx\datafiles\windll.pdb
e:\winapi\winapi\windll\..\windll.gmx\datafiles\windll.dll
e:\winapi\winapi\windll\..\windll.gmx\datafiles\windll.ilk
e:\winapi\winapi\windll\debug\windll.tlog\cl.command.1.tlog
e:\winapi\winapi\windll\debug\windll.tlog\cl.read.1.tlog
e:\winapi\winapi\windll\debug\windll.tlog\cl.write.1.tlog
e:\winapi\winapi\windll\debug\windll.tlog\link.command.1.tlog
e:\winapi\winapi\windll\debug\windll.tlog\link.read.1.tlog
e:\winapi\winapi\windll\debug\windll.tlog\link.write.1.tlog
e:\winapi\winapi\windll\debug\windll.tlog\windll.write.1u.tlog
